<?xml version="1.0" encoding="UTF-8"?>
<testng-results ignored="1" total="4" passed="3" failed="0" skipped="0">
  <reporter-output>
  </reporter-output>
  <suite started-at="2024-12-19T20:43:43 EST" name="Default suite" finished-at="2024-12-19T20:44:07 EST" duration-ms="23605">
    <groups>
    </groups>
    <test started-at="2024-12-19T20:43:43 EST" name="Default test" finished-at="2024-12-19T20:44:07 EST" duration-ms="23605">
      <class name="com.test.playwright.LoginPageTest">
        <test-method is-config="true" signature="setUpBrowser()[pri:0, instance:com.test.playwright.LoginPageTest@4ec4f3a0]" started-at="2024-12-19T20:43:43 EST" name="setUpBrowser" finished-at="2024-12-19T20:43:52 EST" duration-ms="8402" status="PASS">
          <reporter-output>
          </reporter-output>
        </test-method> <!-- setUpBrowser -->
        <test-method signature="ClickAccountTest()[pri:1, instance:com.test.playwright.LoginPageTest@4ec4f3a0]" started-at="2024-12-19T20:43:52 EST" name="ClickAccountTest" finished-at="2024-12-19T20:43:56 EST" duration-ms="4754" status="PASS">
          <reporter-output>
          </reporter-output>
        </test-method> <!-- ClickAccountTest -->
        <test-method signature="loginAccountTitleTest()[pri:2, instance:com.test.playwright.LoginPageTest@4ec4f3a0]" started-at="2024-12-19T20:43:56 EST" name="loginAccountTitleTest" finished-at="2024-12-19T20:43:56 EST" duration-ms="9" status="PASS">
          <reporter-output>
          </reporter-output>
        </test-method> <!-- loginAccountTitleTest -->
        <test-method signature="loginAppTest()[pri:3, instance:com.test.playwright.LoginPageTest@4ec4f3a0]" started-at="2024-12-19T20:43:56 EST" name="loginAppTest" finished-at="2024-12-19T20:44:02 EST" duration-ms="6141" status="PASS">
          <reporter-output>
          </reporter-output>
        </test-method> <!-- loginAppTest -->
        <test-method is-config="true" signature="tearDown()[pri:0, instance:com.test.playwright.LoginPageTest@4ec4f3a0]" started-at="2024-12-19T20:44:02 EST" name="tearDown" finished-at="2024-12-19T20:44:07 EST" duration-ms="4248" status="PASS">
          <reporter-output>
          </reporter-output>
        </test-method> <!-- tearDown -->
      </class> <!-- com.test.playwright.LoginPageTest -->
    </test> <!-- Default test -->
  </suite> <!-- Default suite -->
</testng-results>
