<?xml version="1.0" encoding="UTF-8"?>
<!-- Generated by org.testng.reporters.JUnitXMLReporter -->
<testsuite ignored="0" hostname="DESKTOP-RN62EUK" failures="0" tests="5" name="HomePage Test" time="26.004" errors="0" timestamp="2024-10-02T16:18:20 EDT">
  <testcase classname="com.test.playwright.HomPageTest" name="titleTestforHomePage" time="0.111"/>
  <testcase classname="com.test.playwright.HomPageTest" name="appURL_test" time="0.011"/>
  <testcase classname="com.test.playwright.HomPageTest" name="searchProductTest" time="1.697"/>
  <testcase classname="com.test.playwright.HomPageTest" name="searchProductTest" time="1.038"/>
  <testcase classname="com.test.playwright.HomPageTest" name="searchProductTest" time="0.615"/>
</testsuite> <!-- HomePage Test -->
