<?xml version="1.0" encoding="UTF-8"?>
<!-- Generated by org.testng.reporters.JUnitXMLReporter -->
<testsuite ignored="0" hostname="DESKTOP-RN62EUK" failures="0" tests="5" name="Test1" time="24.068" errors="0" timestamp="2024-10-02T16:09:09 EDT">
  <testcase classname="com.test.playwright.HomPageTest" name="titleTestforHomePage" time="0.026"/>
  <testcase classname="com.test.playwright.HomPageTest" name="appURL_test" time="0.007"/>
  <testcase classname="com.test.playwright.HomPageTest" name="searchProductTest" time="1.03"/>
  <testcase classname="com.test.playwright.HomPageTest" name="searchProductTest" time="1.129"/>
  <testcase classname="com.test.playwright.HomPageTest" name="searchProductTest" time="0.572"/>
</testsuite> <!-- Test1 -->
