<?xml version="1.0" encoding="UTF-8"?>
<!-- Generated by org.testng.reporters.JUnitXMLReporter -->
<testsuite ignored="0" hostname="DESKTOP-JI0NE71" failures="1" tests="5" name="Test" time="11.08" errors="0" timestamp="2024-12-10T12:53:45 EST">
  <testcase classname="com.test.playwright.LoginPageTest" name="ClickAccountTest" time="5.098">
    <skipped/>
  </testcase> <!-- ClickAccountTest -->
  <testcase classname="com.test.playwright.LoginPageTest" name="ClickAccountTest" time="0.093">
    <skipped/>
  </testcase> <!-- ClickAccountTest -->
  <testcase classname="com.test.playwright.LoginPageTest" name="ClickAccountTest" time="0.058">
    <skipped/>
  </testcase> <!-- ClickAccountTest -->
  <testcase classname="com.test.playwright.LoginPageTest" name="ClickAccountTest" time="0.068">
    <failure type="com.microsoft.playwright.PlaywrightException" message="Error {
  message=&amp;apos;Error: strict mode violation: locator(&amp;quot;//a[text()=&amp;apos;Login&amp;apos;]&amp;quot;) resolved to 3 elements:
    1) &amp;lt;a href=&amp;quot;https://naveenautomationlabs.com/opencart/index.php?route=account/login&amp;quot;&amp;gt;Login&amp;lt;/a&amp;gt; aka locator(&amp;quot;#top-links&amp;quot;).getByRole(AriaRole.LINK, new Locator.GetByRoleOptions().setName(&amp;quot;Login&amp;quot;))
    2) &amp;lt;a href=&amp;quot;https://naveenautomationlabs.com/opencart/index.php?route=account/login&amp;quot;&amp;gt;Login&amp;lt;/a&amp;gt; aka locator(&amp;quot;#account-login&amp;quot;).getByRole(AriaRole.LIST).getByRole(AriaRole.LINK, new Locator.GetByRoleOptions().setName(&amp;quot;Login&amp;quot;))
    3) &amp;lt;a class=&amp;quot;list-group-item&amp;quot; href=&amp;quot;https://naveenautomationlabs.com/opencart/index.php?route=account/login&amp;quot;&amp;gt;Login&amp;lt;/a&amp;gt; aka locator(&amp;quot;#column-right&amp;quot;).getByRole(AriaRole.LINK, new Locator.GetByRoleOptions().setName(&amp;quot;Login&amp;quot;))

  name=&amp;apos;Error
  stack=&amp;apos;Error: Error: strict mode violation: locator(&amp;quot;//a[text()=&amp;apos;Login&amp;apos;]&amp;quot;) resolved to 3 elements:
    1) &amp;lt;a href=&amp;quot;https://naveenautomationlabs.com/opencart/index.php?route=account/login&amp;quot;&amp;gt;Login&amp;lt;/a&amp;gt; aka locator(&amp;quot;#top-links&amp;quot;).getByRole(AriaRole.LINK, new Locator.GetByRoleOptions().setName(&amp;quot;Login&amp;quot;))
    2) &amp;lt;a href=&amp;quot;https://naveenautomationlabs.com/opencart/index.php?route=account/login&amp;quot;&amp;gt;Login&amp;lt;/a&amp;gt; aka locator(&amp;quot;#account-login&amp;quot;).getByRole(AriaRole.LIST).getByRole(AriaRole.LINK, new Locator.GetByRoleOptions().setName(&amp;quot;Login&amp;quot;))
    3) &amp;lt;a class=&amp;quot;list-group-item&amp;quot; href=&amp;quot;https://naveenautomationlabs.com/opencart/index.php?route=account/login&amp;quot;&amp;gt;Login&amp;lt;/a&amp;gt; aka locator(&amp;quot;#column-right&amp;quot;).getByRole(AriaRole.LINK, new Locator.GetByRoleOptions().setName(&amp;quot;Login&amp;quot;))

    at CRExecutionContext.evaluateWithArguments (C:\Users\mwisl\AppData\Local\Temp\playwright-java-15882801266211067827\package\lib\server\chromium\crExecutionContext.js:92:33)
    at async LongStandingScope._race (C:\Users\mwisl\AppData\Local\Temp\playwright-java-15882801266211067827\package\lib\utils\manualPromise.js:96:14)
    at async evaluateExpression (C:\Users\mwisl\AppData\Local\Temp\playwright-java-15882801266211067827\package\lib\server\javascript.js:242:12)
    at async C:\Users\mwisl\AppData\Local\Temp\playwright-java-15882801266211067827\package\lib\server\frames.js:959:22
    at async Frame.retryWithProgressAndTimeouts (C:\Users\mwisl\AppData\Local\Temp\playwright-java-15882801266211067827\package\lib\server\frames.js:929:24)
    at async C:\Users\mwisl\AppData\Local\Temp\playwright-java-15882801266211067827\package\lib\server\frames.js:1014:29
    at async ProgressController.run (C:\Users\mwisl\AppData\Local\Temp\playwright-java-15882801266211067827\package\lib\server\progress.js:82:22)
    at async FrameDispatcher.click (C:\Users\mwisl\AppData\Local\Temp\playwright-java-15882801266211067827\package\lib\server\dispatchers\frameDispatcher.js:157:12)
    at async LongStandingScope._race (C:\Users\mwisl\AppData\Local\Temp\playwright-java-15882801266211067827\package\lib\utils\manualPromise.js:96:14)
    at async FrameDispatcher._handleCommand (C:\Users\mwisl\AppData\Local\Temp\playwright-java-15882801266211067827\package\lib\server\dispatchers\dispatcher.js:96:14)
}
Call log:
- waiting for locator(&amp;quot;//a[text()=&amp;apos;Login&amp;apos;]&amp;quot;)
">
      <![CDATA[com.microsoft.playwright.PlaywrightException: Error {
  message='Error: strict mode violation: locator("//a[text()='Login']") resolved to 3 elements:
    1) <a href="https://naveenautomationlabs.com/opencart/index.php?route=account/login">Login</a> aka locator("#top-links").getByRole(AriaRole.LINK, new Locator.GetByRoleOptions().setName("Login"))
    2) <a href="https://naveenautomationlabs.com/opencart/index.php?route=account/login">Login</a> aka locator("#account-login").getByRole(AriaRole.LIST).getByRole(AriaRole.LINK, new Locator.GetByRoleOptions().setName("Login"))
    3) <a class="list-group-item" href="https://naveenautomationlabs.com/opencart/index.php?route=account/login">Login</a> aka locator("#column-right").getByRole(AriaRole.LINK, new Locator.GetByRoleOptions().setName("Login"))

  name='Error
  stack='Error: Error: strict mode violation: locator("//a[text()='Login']") resolved to 3 elements:
    1) <a href="https://naveenautomationlabs.com/opencart/index.php?route=account/login">Login</a> aka locator("#top-links").getByRole(AriaRole.LINK, new Locator.GetByRoleOptions().setName("Login"))
    2) <a href="https://naveenautomationlabs.com/opencart/index.php?route=account/login">Login</a> aka locator("#account-login").getByRole(AriaRole.LIST).getByRole(AriaRole.LINK, new Locator.GetByRoleOptions().setName("Login"))
    3) <a class="list-group-item" href="https://naveenautomationlabs.com/opencart/index.php?route=account/login">Login</a> aka locator("#column-right").getByRole(AriaRole.LINK, new Locator.GetByRoleOptions().setName("Login"))

    at CRExecutionContext.evaluateWithArguments (C:\Users\mwisl\AppData\Local\Temp\playwright-java-15882801266211067827\package\lib\server\chromium\crExecutionContext.js:92:33)
    at async LongStandingScope._race (C:\Users\mwisl\AppData\Local\Temp\playwright-java-15882801266211067827\package\lib\utils\manualPromise.js:96:14)
    at async evaluateExpression (C:\Users\mwisl\AppData\Local\Temp\playwright-java-15882801266211067827\package\lib\server\javascript.js:242:12)
    at async C:\Users\mwisl\AppData\Local\Temp\playwright-java-15882801266211067827\package\lib\server\frames.js:959:22
    at async Frame.retryWithProgressAndTimeouts (C:\Users\mwisl\AppData\Local\Temp\playwright-java-15882801266211067827\package\lib\server\frames.js:929:24)
    at async C:\Users\mwisl\AppData\Local\Temp\playwright-java-15882801266211067827\package\lib\server\frames.js:1014:29
    at async ProgressController.run (C:\Users\mwisl\AppData\Local\Temp\playwright-java-15882801266211067827\package\lib\server\progress.js:82:22)
    at async FrameDispatcher.click (C:\Users\mwisl\AppData\Local\Temp\playwright-java-15882801266211067827\package\lib\server\dispatchers\frameDispatcher.js:157:12)
    at async LongStandingScope._race (C:\Users\mwisl\AppData\Local\Temp\playwright-java-15882801266211067827\package\lib\utils\manualPromise.js:96:14)
    at async FrameDispatcher._handleCommand (C:\Users\mwisl\AppData\Local\Temp\playwright-java-15882801266211067827\package\lib\server\dispatchers\dispatcher.js:96:14)
}
Call log:
- waiting for locator("//a[text()='Login']")

at com.microsoft.playwright.impl.WaitableResult.get(WaitableResult.java:56)
at com.microsoft.playwright.impl.ChannelOwner.runUntil(ChannelOwner.java:120)
at com.microsoft.playwright.impl.Connection.sendMessage(Connection.java:130)
at com.microsoft.playwright.impl.ChannelOwner.sendMessage(ChannelOwner.java:106)
at com.microsoft.playwright.impl.FrameImpl.clickImpl(FrameImpl.java:252)
at com.microsoft.playwright.impl.FrameImpl.lambda$click$8(FrameImpl.java:243)
at com.microsoft.playwright.impl.LoggingSupport.lambda$withLogging$0(LoggingSupport.java:36)
at com.microsoft.playwright.impl.LoggingSupport.withLogging(LoggingSupport.java:47)
at com.microsoft.playwright.impl.ChannelOwner.withLogging(ChannelOwner.java:89)
at com.microsoft.playwright.impl.LoggingSupport.withLogging(LoggingSupport.java:35)
at com.microsoft.playwright.impl.FrameImpl.click(FrameImpl.java:243)
at com.microsoft.playwright.impl.LocatorImpl.click(LocatorImpl.java:160)
at com.microsoft.playwright.Locator.click(Locator.java:2406)
at com.page.playwright.HomePage.NavigatetoLoginLink(HomePage.java:46)
at com.test.playwright.LoginPageTest.ClickAccountTest(LoginPageTest.java:17)
at java.base/java.util.ArrayList.forEach(ArrayList.java:1596)
Caused by: com.microsoft.playwright.impl.DriverException: Error {
  message='Error: strict mode violation: locator("//a[text()='Login']") resolved to 3 elements:
    1) <a href="https://naveenautomationlabs.com/opencart/index.php?route=account/login">Login</a> aka locator("#top-links").getByRole(AriaRole.LINK, new Locator.GetByRoleOptions().setName("Login"))
    2) <a href="https://naveenautomationlabs.com/opencart/index.php?route=account/login">Login</a> aka locator("#account-login").getByRole(AriaRole.LIST).getByRole(AriaRole.LINK, new Locator.GetByRoleOptions().setName("Login"))
    3) <a class="list-group-item" href="https://naveenautomationlabs.com/opencart/index.php?route=account/login">Login</a> aka locator("#column-right").getByRole(AriaRole.LINK, new Locator.GetByRoleOptions().setName("Login"))

  name='Error
  stack='Error: Error: strict mode violation: locator("//a[text()='Login']") resolved to 3 elements:
    1) <a href="https://naveenautomationlabs.com/opencart/index.php?route=account/login">Login</a> aka locator("#top-links").getByRole(AriaRole.LINK, new Locator.GetByRoleOptions().setName("Login"))
    2) <a href="https://naveenautomationlabs.com/opencart/index.php?route=account/login">Login</a> aka locator("#account-login").getByRole(AriaRole.LIST).getByRole(AriaRole.LINK, new Locator.GetByRoleOptions().setName("Login"))
    3) <a class="list-group-item" href="https://naveenautomationlabs.com/opencart/index.php?route=account/login">Login</a> aka locator("#column-right").getByRole(AriaRole.LINK, new Locator.GetByRoleOptions().setName("Login"))

    at CRExecutionContext.evaluateWithArguments (C:\Users\mwisl\AppData\Local\Temp\playwright-java-15882801266211067827\package\lib\server\chromium\crExecutionContext.js:92:33)
    at async LongStandingScope._race (C:\Users\mwisl\AppData\Local\Temp\playwright-java-15882801266211067827\package\lib\utils\manualPromise.js:96:14)
    at async evaluateExpression (C:\Users\mwisl\AppData\Local\Temp\playwright-java-15882801266211067827\package\lib\server\javascript.js:242:12)
    at async C:\Users\mwisl\AppData\Local\Temp\playwright-java-15882801266211067827\package\lib\server\frames.js:959:22
    at async Frame.retryWithProgressAndTimeouts (C:\Users\mwisl\AppData\Local\Temp\playwright-java-15882801266211067827\package\lib\server\frames.js:929:24)
    at async C:\Users\mwisl\AppData\Local\Temp\playwright-java-15882801266211067827\package\lib\server\frames.js:1014:29
    at async ProgressController.run (C:\Users\mwisl\AppData\Local\Temp\playwright-java-15882801266211067827\package\lib\server\progress.js:82:22)
    at async FrameDispatcher.click (C:\Users\mwisl\AppData\Local\Temp\playwright-java-15882801266211067827\package\lib\server\dispatchers\frameDispatcher.js:157:12)
    at async LongStandingScope._race (C:\Users\mwisl\AppData\Local\Temp\playwright-java-15882801266211067827\package\lib\utils\manualPromise.js:96:14)
    at async FrameDispatcher._handleCommand (C:\Users\mwisl\AppData\Local\Temp\playwright-java-15882801266211067827\package\lib\server\dispatchers\dispatcher.js:96:14)
}
Call log:
- waiting for locator("//a[text()='Login']")

at com.microsoft.playwright.impl.Connection.dispatch(Connection.java:259)
at com.microsoft.playwright.impl.Connection.processOneMessage(Connection.java:211)
at com.microsoft.playwright.impl.ChannelOwner.runUntil(ChannelOwner.java:118)
... 39 more
... Removed 25 stack frames]]>
    </failure>
  </testcase> <!-- ClickAccountTest -->
  <testcase classname="com.test.playwright.LoginPageTest" name="loginAccountTitleTest" time="0.01"/>
</testsuite> <!-- Test -->
