<?xml version="1.0" encoding="UTF-8"?>
<!-- Generated by org.testng.reporters.JUnitXMLReporter -->
<testsuite ignored="0" hostname="DESKTOP-RN62EUK" failures="0" tests="5" name="1" time="12.978" errors="0" timestamp="2024-10-23T10:46:35 EDT">
  <testcase classname="com.test.playwright.HomPageTest" name="titleTestforHomePage" time="0.019"/>
  <testcase classname="com.test.playwright.HomPageTest" name="appURL_test" time="0.002"/>
  <testcase classname="com.test.playwright.HomPageTest" name="searchProductTest" time="0.62"/>
  <testcase classname="com.test.playwright.HomPageTest" name="searchProductTest" time="0.635"/>
  <testcase classname="com.test.playwright.HomPageTest" name="searchProductTest" time="0.499"/>
</testsuite> <!-- 1 -->
