<?xml version="1.0" encoding="UTF-8"?>
<!-- Generated by org.testng.reporters.JUnitXMLReporter -->
<testsuite ignored="0" hostname="DESKTOP-JI0NE71" failures="0" tests="5" name="1" time="8.096" errors="0" timestamp="2024-12-11T09:48:17 EST">
  <testcase classname="com.test.playwright.HomPageTest" name="titleTestforHomePage" time="0.018"/>
  <testcase classname="com.test.playwright.HomPageTest" name="appURL_test" time="0.003"/>
  <testcase classname="com.test.playwright.HomPageTest" name="searchProductTest" time="0.496"/>
  <testcase classname="com.test.playwright.HomPageTest" name="searchProductTest" time="0.518"/>
  <testcase classname="com.test.playwright.HomPageTest" name="searchProductTest" time="0.441"/>
</testsuite> <!-- 1 -->
