<?xml version="1.0" encoding="UTF-8"?>
<!-- Generated by org.testng.reporters.JUnitXMLReporter -->
<testsuite ignored="0" hostname="DESKTOP-JI0NE71" failures="0" tests="3" name="3" time="10.035" errors="0" timestamp="2024-12-11T09:48:32 EST">
  <testcase classname="com.test.playwright.LoginPageTest" name="ClickAccountTest" time="5.16"/>
  <testcase classname="com.test.playwright.LoginPageTest" name="loginAccountTitleTest" time="0.011"/>
  <testcase classname="com.test.playwright.LoginPageTest" name="loginAppTest" time="0.474"/>
</testsuite> <!-- 3 -->
