<?xml version="1.0" encoding="UTF-8"?>
<!-- Generated by org.testng.reporters.JUnitXMLReporter -->
<testsuite ignored="1" hostname="DESKTOP-JI0NE71" failures="0" tests="3" name="Default test" time="23.605" errors="0" timestamp="2024-12-19T20:44:07 EST">
  <testcase classname="com.test.playwright.LoginPageTest" name="ClickAccountTest" time="4.754"/>
  <testcase classname="com.test.playwright.LoginPageTest" name="loginAccountTitleTest" time="0.009"/>
  <testcase classname="com.test.playwright.LoginPageTest" name="loginAppTest" time="6.141"/>
  <testcase classname="com.test.playwright.LoginPageTest" name="logoutTest" time="0.0">
    <ignored/>
  </testcase> <!-- logoutTest -->
</testsuite> <!-- Default test -->
